Year  |  BBY-tta  |  CZD-tta  | tta-total | tta-ratio | BBY-notta | CZD-notta | ntta-tot  | ntta-ratio
 1998 |     207.3 |     223.5 |     430.8 |       1.1 |     509.3 |    1292.4 |    1801.6 |       2.5
 2001 |      53.1 |      87.9 |     141.0 |       1.7 |     172.7 |     455.7 |     628.4 |       2.6
 2002 |       3.8 |       8.1 |      11.9 |       2.1 |     144.0 |     276.1 |     420.1 |       1.9
 2003 |      48.0 |      53.8 |     101.9 |       1.1 |      54.9 |     213.9 |     268.7 |       3.9
 2004 |      70.4 |      67.8 |     138.2 |       1.0 |     268.2 |     689.6 |     957.8 |       2.6
 2005 |     118.6 |      83.8 |     202.4 |       0.7 |     442.0 |     691.9 |    1133.9 |       1.6
 2006 |     165.4 |     169.9 |     335.3 |       1.0 |     629.7 |    1934.2 |    2563.9 |       3.1
 2007 |      27.7 |      36.6 |      64.3 |       1.3 |     303.0 |     898.4 |    1201.4 |       3.0
 2008 |      91.9 |     147.6 |     239.5 |       1.6 |     234.4 |     980.9 |    1215.4 |       4.2
 2009 |      54.6 |     103.4 |     158.0 |       1.9 |     183.9 |     927.1 |    1111.0 |       5.0
 2010 |      97.3 |     192.0 |     289.3 |       2.0 |     330.2 |    1350.5 |    1680.7 |       4.1
 2011 |      87.4 |     100.3 |     187.7 |       1.1 |     410.7 |     978.9 |    1389.6 |       2.4
 2012 |      47.5 |      88.9 |     136.4 |       1.9 |     236.5 |     839.0 |    1075.4 |       3.5

Year  | BBY(tta+ntta) |    BBY-ex     |    BBY-out    | CZD(tta+ntta) |    CZD-ex     |    CZD-out
 1998 |         716.5 |          23.9 |         417.8 |        1515.9 |           0.0 |         196.6
 2001 |         225.8 |          15.0 |         164.3 |         543.6 |           0.0 |          38.1
 2002 |         147.8 |           0.0 |          26.9 |         284.2 |         464.6 |           0.0
 2003 |         102.9 |          83.6 |          85.9 |         267.7 |         214.4 |          38.6
 2004 |         338.6 |          77.5 |          77.5 |         757.4 |           1.3 |         159.8
 2005 |         560.6 |           0.0 |         134.1 |         775.7 |           1.0 |           0.0
 2006 |         795.0 |          17.3 |          66.0 |        2104.1 |           0.0 |          49.5
 2007 |         330.7 |           2.0 |         141.0 |         935.0 |           0.0 |          19.6
 2008 |         326.4 |           4.1 |           6.1 |        1128.5 |           0.0 |          54.6
 2009 |         238.5 |           9.4 |          19.8 |        1030.5 |           0.0 |          37.8
 2010 |         427.5 |          22.6 |          80.3 |        1542.5 |           0.0 |           0.0
 2011 |         498.1 |          51.8 |          98.6 |        1079.2 |           0.3 |           5.8
 2012 |         284.0 |           9.1 |          74.2 |         927.9 |           0.0 |          14.0
